Arguments: 
  /usr/local/Cellar/node/8.9.1/bin/node /usr/local/Cellar/yarn/1.3.2/libexec/bin/yarn.js

PATH: 
  /Users/cormaclynch/bin:/Users/cormaclynch/.composer/vendor/bin:/usr/local/bin:/usr/local/sbin:/usr/local/share/npm/bin:/Users/cormaclynch/phabricator/arcanist/bin:/usr/local/bin:/usr/bin:/bin:/usr/sbin:/sbin:/opt/X11/bin

Yarn version: 
  1.3.2

Node version: 
  8.9.1

Platform: 
  darwin x64

npm manifest: 
  {
    "name": "base",
    "version": "1.0.0",
    "description": "",
    "scripts": {
      "start": "NODE_ENV=development webpack --progress --colors --watch",
      "build": "NODE_ENV=development webpack --progress --colors",
      "prod": "NODE_ENV=production webpack --progress --colors"
    },
    "author": "Cormac",
    "license": "ISC",
    "dependencies": {
      /*"babel-core": "^6.2.1",*/
      "babel-eslint": "^4.1.6",
      "babel-loader": "^7.1.2",
      "babel-polyfill": "^6.3.14",
      "babel-preset-es2015": "^6.1.18",
      "babel-preset-react": "^6.1.18",
      "babel-preset-stage-0": "^6.1.18",
      "babel-runtime": "^6.2.0",
      "bootstrap": "^3.3.5",
      "create-react-class": "^15.6.2",
      "css-loader": "^0.25.0",
      "eslint": "^1.10.3",
      "eslint-config-standard": "^4.4.0",
      "eslint-config-standard-react": "^1.2.1",
      "eslint-loader": "^1.1.1",
      "eslint-plugin-react": "^3.12.0",
      "eslint-plugin-standard": "^1.3.1",
      "extract-text-webpack-plugin": "^3.0.2",
      "file-loader": "^0.9.0",
      "image-webpack-loader": "^3.0.0",
      "less": "^2.7.1",
      "less-loader": "^2.2.3",
      "lodash": "^3.10.1",
      "node-libs-browser": "^0.5.2",
      "normalize-css": "^2.3.1",
      "optimize-css-assets-webpack-plugin": "^3.2.0",
      "prop-types": "^15.6.0",
      "react": "^15.3.1",
      "react-bootstrap": "^0.13.0",
      "react-burger-menu": "^1.10.4",
      "react-dom": "^15.3.1",
      "react-tappable": "^1.0.2",
      "style-it": "^1.2.11",
      "style-loader": "^0.13.1",
      "uglifyjs-webpack-plugin": "^1.0.1",
      "url-loader": "^0.5.7",
      "webpack": "^3.8.1",
      "webpack-merge": "^4.1.1"
    }
  }

yarn manifest: 
  No manifest

Lockfile: 
  No lockfile

Trace: 
  SyntaxError: /Users/cormaclynch/Sites/indetail/source/themes/indetail/package.json: Unexpected token / in JSON at position 349
      at JSON.parse (<anonymous>)
      at /usr/local/Cellar/yarn/1.3.2/libexec/lib/cli.js:770:59
      at Generator.next (<anonymous>)
      at step (/usr/local/Cellar/yarn/1.3.2/libexec/lib/cli.js:92:30)
      at /usr/local/Cellar/yarn/1.3.2/libexec/lib/cli.js:103:13
      at <anonymous>
